<?xml version="1.0" encoding="UTF-8"?>
<!-- Generated by org.testng.reporters.JUnitXMLReporter -->
<testsuite hostname="ZS-LP-0100" ignored="0" name="Free CRM App Test Cases" tests="7" failures="2" timestamp="05 Nov 2021 09:38:43 GMT" time="120.573" errors="0">
  <testcase name="testProductAvailablity" time="4.495" classname="com.officemate.qa.testscripts.ApiTest"/>
  <testcase name="testProductAvailablity" time="1.627" classname="com.officemate.qa.testscripts.ApiTest"/>
  <testcase name="testResponseCode" time="0.551" classname="com.officemate.qa.testscripts.ApiTest"/>
  <testcase name="testResponseCode" time="0.43" classname="com.officemate.qa.testscripts.ApiTest"/>
  <testcase name="searchProductWithSku" time="4.301" classname="com.officemate.qa.testscripts.HomePageTest">
    <failure type="java.lang.AssertionError" message="expected [OFMY048740] but found [OFM0011405]">
      <![CDATA[java.lang.AssertionError: expected [OFMY048740] but found [OFM0011405]
at com.officemate.qa.testscripts.HomePageTest.searchProductWithSku(HomePageTest.java:52)
... Removed 31 stack frames]]>
    </failure>
  </testcase> <!-- searchProductWithSku -->
  <testcase name="searchProductWithSku" time="4.146" classname="com.officemate.qa.testscripts.HomePageTest"/>
  <testcase name="searchProductWithSku" time="4.835" classname="com.officemate.qa.testscripts.HomePageTest">
    <failure type="java.lang.AssertionError" message="expected [MKP0846673] but found [OFM0011405]">
      <![CDATA[java.lang.AssertionError: expected [MKP0846673] but found [OFM0011405]
at com.officemate.qa.testscripts.HomePageTest.searchProductWithSku(HomePageTest.java:52)
... Removed 31 stack frames]]>
    </failure>
  </testcase> <!-- searchProductWithSku -->
</testsuite> <!-- Free CRM App Test Cases -->
